{"uid":"3301529982c9eb19","name":"test_add_customer","fullName":"tests.ui.test_add_customer.TestAddCustomer#test_add_customer","historyId":"3778a23230ae15cb76cc3ec6844ae9b0","time":{"start":1727440746200,"stop":1727440746200,"duration":0},"description":"Test adding a new customer with valid data.","descriptionHtml":"\n<h2>Testing Customer Registration in XYZ Bank</h2>\n<p>This test suite verifies the functionality of adding customer\n            to the XYZ Bank system, including:</p>\n<ul>\n    <li>Generating test data for customer</li>\n    <li>Opening the Add Customer page</li>\n    <li>Filling in the customer information (First Name, Last Name, Post Code)</li>\n    <li>Submitting the registration form</li>\n    <li>Verifying the success message</li>\n    <li>Accepting the alert</li>\n</ul>\n<p>The test uses specially generated data where:</p>\n<ul>\n    <li>Post Code is a 10-digit number</li>\n    <li>First Name is generated based on the Post Code</li>\n    <li>Last Name is randomly generated</li>\n</ul>\n","status":"broken","statusMessage":"selenium.common.exceptions.SessionNotCreatedException: Message: session not created: This version of ChromeDriver only supports Chrome version 127\nCurrent browser version is 129.0.6668.58 with binary path /usr/bin/google-chrome\nStacktrace:\n#0 0x56449045c6ca <unknown>\n#1 0x56449012d600 <unknown>\n#2 0x56449016c13c <unknown>\n#3 0x56449016b0b2 <unknown>\n#4 0x564490165f24 <unknown>\n#5 0x5644901612f8 <unknown>\n#6 0x5644901abce8 <unknown>\n#7 0x56449019f643 <unknown>\n#8 0x56449016fd31 <unknown>\n#9 0x56449017079e <unknown>\n#10 0x56449042425b <unknown>\n#11 0x5644904281f2 <unknown>\n#12 0x564490411615 <unknown>\n#13 0x564490428d82 <unknown>\n#14 0x5644903f625f <unknown>\n#15 0x56449044be68 <unknown>\n#16 0x56449044c040 <unknown>\n#17 0x56449045b49c <unknown>\n#18 0x7feaef494ac3 <unknown>","statusTrace":"@pytest.fixture\n    def browser() -> WebDriver:\n        \"\"\"\n        Fixture to initialize and provide a WebDriver instance.\n    \n        Returns:\n            WebDriver: The WebDriver instance for the browser.\n        \"\"\"\n        chrome_options = Options()\n        chrome_options.add_argument(\"--headless=new\")\n        chrome_options.add_argument(\"--window-size=1920,1080\")\n>       driver = webdriver.Chrome(options=chrome_options)\n\nconftest.py:20: \n_ _ _ _ _ _ _ _ _ _ _ _ _ _ _ _ _ _ _ _ _ _ _ _ _ _ _ _ _ _ _ _ _ _ _ _ _ _ _ _ \n/opt/hostedtoolcache/Python/3.12.6/x64/lib/python3.12/site-packages/selenium/webdriver/chrome/webdriver.py:45: in __init__\n    super().__init__(\n/opt/hostedtoolcache/Python/3.12.6/x64/lib/python3.12/site-packages/selenium/webdriver/chromium/webdriver.py:66: in __init__\n    super().__init__(command_executor=executor, options=options)\n/opt/hostedtoolcache/Python/3.12.6/x64/lib/python3.12/site-packages/selenium/webdriver/remote/webdriver.py:212: in __init__\n    self.start_session(capabilities)\n/opt/hostedtoolcache/Python/3.12.6/x64/lib/python3.12/site-packages/selenium/webdriver/remote/webdriver.py:299: in start_session\n    response = self.execute(Command.NEW_SESSION, caps)[\"value\"]\n/opt/hostedtoolcache/Python/3.12.6/x64/lib/python3.12/site-packages/selenium/webdriver/remote/webdriver.py:354: in execute\n    self.error_handler.check_response(response)\n_ _ _ _ _ _ _ _ _ _ _ _ _ _ _ _ _ _ _ _ _ _ _ _ _ _ _ _ _ _ _ _ _ _ _ _ _ _ _ _ \n\nself = <selenium.webdriver.remote.errorhandler.ErrorHandler object at 0x7f6a64b53770>\nresponse = {'status': 500, 'value': '{\"value\":{\"error\":\"session not created\",\"message\":\"session not created: This version of Chro...\\\\n#16 0x56449044c040 \\\\u003Cunknown>\\\\n#17 0x56449045b49c \\\\u003Cunknown>\\\\n#18 0x7feaef494ac3 \\\\u003Cunknown>\\\\n\"}}'}\n\n    def check_response(self, response: Dict[str, Any]) -> None:\n        \"\"\"Checks that a JSON response from the WebDriver does not have an\n        error.\n    \n        :Args:\n         - response - The JSON response from the WebDriver server as a dictionary\n           object.\n    \n        :Raises: If the response contains an error message.\n        \"\"\"\n        status = response.get(\"status\", None)\n        if not status or status == ErrorCode.SUCCESS:\n            return\n        value = None\n        message = response.get(\"message\", \"\")\n        screen: str = response.get(\"screen\", \"\")\n        stacktrace = None\n        if isinstance(status, int):\n            value_json = response.get(\"value\", None)\n            if value_json and isinstance(value_json, str):\n                import json\n    \n                try:\n                    value = json.loads(value_json)\n                    if len(value) == 1:\n                        value = value[\"value\"]\n                    status = value.get(\"error\", None)\n                    if not status:\n                        status = value.get(\"status\", ErrorCode.UNKNOWN_ERROR)\n                        message = value.get(\"value\") or value.get(\"message\")\n                        if not isinstance(message, str):\n                            value = message\n                            message = message.get(\"message\")\n                    else:\n                        message = value.get(\"message\", None)\n                except ValueError:\n                    pass\n    \n        exception_class: Type[WebDriverException]\n        e = ErrorCode()\n        error_codes = [item for item in dir(e) if not item.startswith(\"__\")]\n        for error_code in error_codes:\n            error_info = getattr(ErrorCode, error_code)\n            if isinstance(error_info, list) and status in error_info:\n                exception_class = getattr(ExceptionMapping, error_code, WebDriverException)\n                break\n        else:\n            exception_class = WebDriverException\n    \n        if not value:\n            value = response[\"value\"]\n        if isinstance(value, str):\n            raise exception_class(value)\n        if message == \"\" and \"message\" in value:\n            message = value[\"message\"]\n    \n        screen = None  # type: ignore[assignment]\n        if \"screen\" in value:\n            screen = value[\"screen\"]\n    \n        stacktrace = None\n        st_value = value.get(\"stackTrace\") or value.get(\"stacktrace\")\n        if st_value:\n            if isinstance(st_value, str):\n                stacktrace = st_value.split(\"\\n\")\n            else:\n                stacktrace = []\n                try:\n                    for frame in st_value:\n                        line = frame.get(\"lineNumber\", \"\")\n                        file = frame.get(\"fileName\", \"<anonymous>\")\n                        if line:\n                            file = f\"{file}:{line}\"\n                        meth = frame.get(\"methodName\", \"<anonymous>\")\n                        if \"className\" in frame:\n                            meth = f\"{frame['className']}.{meth}\"\n                        msg = \"    at %s (%s)\"\n                        msg = msg % (meth, file)\n                        stacktrace.append(msg)\n                except TypeError:\n                    pass\n        if exception_class == UnexpectedAlertPresentException:\n            alert_text = None\n            if \"data\" in value:\n                alert_text = value[\"data\"].get(\"text\")\n            elif \"alert\" in value:\n                alert_text = value[\"alert\"].get(\"text\")\n            raise exception_class(message, screen, stacktrace, alert_text)  # type: ignore[call-arg]  # mypy is not smart enough here\n>       raise exception_class(message, screen, stacktrace)\nE       selenium.common.exceptions.SessionNotCreatedException: Message: session not created: This version of ChromeDriver only supports Chrome version 127\nE       Current browser version is 129.0.6668.58 with binary path /usr/bin/google-chrome\nE       Stacktrace:\nE       #0 0x56449045c6ca <unknown>\nE       #1 0x56449012d600 <unknown>\nE       #2 0x56449016c13c <unknown>\nE       #3 0x56449016b0b2 <unknown>\nE       #4 0x564490165f24 <unknown>\nE       #5 0x5644901612f8 <unknown>\nE       #6 0x5644901abce8 <unknown>\nE       #7 0x56449019f643 <unknown>\nE       #8 0x56449016fd31 <unknown>\nE       #9 0x56449017079e <unknown>\nE       #10 0x56449042425b <unknown>\nE       #11 0x5644904281f2 <unknown>\nE       #12 0x564490411615 <unknown>\nE       #13 0x564490428d82 <unknown>\nE       #14 0x5644903f625f <unknown>\nE       #15 0x56449044be68 <unknown>\nE       #16 0x56449044c040 <unknown>\nE       #17 0x56449045b49c <unknown>\nE       #18 0x7feaef494ac3 <unknown>\n\n/opt/hostedtoolcache/Python/3.12.6/x64/lib/python3.12/site-packages/selenium/webdriver/remote/errorhandler.py:229: SessionNotCreatedException","flaky":false,"newFailed":false,"newBroken":false,"newPassed":false,"retriesCount":5,"retriesStatusChange":false,"beforeStages":[{"name":"_skip_sensitive","time":{"start":1727440746201,"stop":1727440746201,"duration":0},"status":"passed","steps":[],"attachments":[],"parameters":[],"shouldDisplayMessage":false,"stepsCount":0,"attachmentsCount":0,"hasContent":false,"attachmentStep":false},{"name":"browser","time":{"start":1727440746201,"stop":1727440747077,"duration":876},"status":"broken","statusMessage":"selenium.common.exceptions.SessionNotCreatedException: Message: session not created: This version of ChromeDriver only supports Chrome version 127\nCurrent browser version is 129.0.6668.58 with binary path /usr/bin/google-chrome\nStacktrace:\n#0 0x56449045c6ca <unknown>\n#1 0x56449012d600 <unknown>\n#2 0x56449016c13c <unknown>\n#3 0x56449016b0b2 <unknown>\n#4 0x564490165f24 <unknown>\n#5 0x5644901612f8 <unknown>\n#6 0x5644901abce8 <unknown>\n#7 0x56449019f643 <unknown>\n#8 0x56449016fd31 <unknown>\n#9 0x56449017079e <unknown>\n#10 0x56449042425b <unknown>\n#11 0x5644904281f2 <unknown>\n#12 0x564490411615 <unknown>\n#13 0x564490428d82 <unknown>\n#14 0x5644903f625f <unknown>\n#15 0x56449044be68 <unknown>\n#16 0x56449044c040 <unknown>\n#17 0x56449045b49c <unknown>\n#18 0x7feaef494ac3 <unknown>\n\n","statusTrace":"  File \"/opt/hostedtoolcache/Python/3.12.6/x64/lib/python3.12/site-packages/pluggy/_callers.py\", line 167, in _multicall\n    teardown.throw(outcome._exception)\n  File \"/opt/hostedtoolcache/Python/3.12.6/x64/lib/python3.12/site-packages/_pytest/setuponly.py\", line 36, in pytest_fixture_setup\n    return (yield)\n            ^^^^^\n  File \"/opt/hostedtoolcache/Python/3.12.6/x64/lib/python3.12/site-packages/pluggy/_callers.py\", line 103, in _multicall\n    res = hook_impl.function(*args)\n          ^^^^^^^^^^^^^^^^^^^^^^^^^\n  File \"/opt/hostedtoolcache/Python/3.12.6/x64/lib/python3.12/site-packages/_pytest/fixtures.py\", line 1140, in pytest_fixture_setup\n    result = call_fixture_func(fixturefunc, request, kwargs)\n             ^^^^^^^^^^^^^^^^^^^^^^^^^^^^^^^^^^^^^^^^^^^^^^^\n  File \"/opt/hostedtoolcache/Python/3.12.6/x64/lib/python3.12/site-packages/_pytest/fixtures.py\", line 891, in call_fixture_func\n    fixture_result = next(generator)\n                     ^^^^^^^^^^^^^^^\n  File \"/home/runner/work/TestNest/TestNest/conftest.py\", line 20, in browser\n    driver = webdriver.Chrome(options=chrome_options)\n             ^^^^^^^^^^^^^^^^^^^^^^^^^^^^^^^^^^^^^^^^\n  File \"/opt/hostedtoolcache/Python/3.12.6/x64/lib/python3.12/site-packages/selenium/webdriver/chrome/webdriver.py\", line 45, in __init__\n    super().__init__(\n  File \"/opt/hostedtoolcache/Python/3.12.6/x64/lib/python3.12/site-packages/selenium/webdriver/chromium/webdriver.py\", line 66, in __init__\n    super().__init__(command_executor=executor, options=options)\n  File \"/opt/hostedtoolcache/Python/3.12.6/x64/lib/python3.12/site-packages/selenium/webdriver/remote/webdriver.py\", line 212, in __init__\n    self.start_session(capabilities)\n  File \"/opt/hostedtoolcache/Python/3.12.6/x64/lib/python3.12/site-packages/selenium/webdriver/remote/webdriver.py\", line 299, in start_session\n    response = self.execute(Command.NEW_SESSION, caps)[\"value\"]\n               ^^^^^^^^^^^^^^^^^^^^^^^^^^^^^^^^^^^^^^^\n  File \"/opt/hostedtoolcache/Python/3.12.6/x64/lib/python3.12/site-packages/selenium/webdriver/remote/webdriver.py\", line 354, in execute\n    self.error_handler.check_response(response)\n  File \"/opt/hostedtoolcache/Python/3.12.6/x64/lib/python3.12/site-packages/selenium/webdriver/remote/errorhandler.py\", line 229, in check_response\n    raise exception_class(message, screen, stacktrace)\n","steps":[],"attachments":[],"parameters":[],"shouldDisplayMessage":true,"stepsCount":0,"attachmentsCount":0,"hasContent":true,"attachmentStep":false}],"testStage":{"description":"Test adding a new customer with valid data.","descriptionHtml":"\n<h2>Testing Customer Registration in XYZ Bank</h2>\n<p>This test suite verifies the functionality of adding customer\n            to the XYZ Bank system, including:</p>\n<ul>\n    <li>Generating test data for customer</li>\n    <li>Opening the Add Customer page</li>\n    <li>Filling in the customer information (First Name, Last Name, Post Code)</li>\n    <li>Submitting the registration form</li>\n    <li>Verifying the success message</li>\n    <li>Accepting the alert</li>\n</ul>\n<p>The test uses specially generated data where:</p>\n<ul>\n    <li>Post Code is a 10-digit number</li>\n    <li>First Name is generated based on the Post Code</li>\n    <li>Last Name is randomly generated</li>\n</ul>\n","status":"broken","statusMessage":"selenium.common.exceptions.SessionNotCreatedException: Message: session not created: This version of ChromeDriver only supports Chrome version 127\nCurrent browser version is 129.0.6668.58 with binary path /usr/bin/google-chrome\nStacktrace:\n#0 0x56449045c6ca <unknown>\n#1 0x56449012d600 <unknown>\n#2 0x56449016c13c <unknown>\n#3 0x56449016b0b2 <unknown>\n#4 0x564490165f24 <unknown>\n#5 0x5644901612f8 <unknown>\n#6 0x5644901abce8 <unknown>\n#7 0x56449019f643 <unknown>\n#8 0x56449016fd31 <unknown>\n#9 0x56449017079e <unknown>\n#10 0x56449042425b <unknown>\n#11 0x5644904281f2 <unknown>\n#12 0x564490411615 <unknown>\n#13 0x564490428d82 <unknown>\n#14 0x5644903f625f <unknown>\n#15 0x56449044be68 <unknown>\n#16 0x56449044c040 <unknown>\n#17 0x56449045b49c <unknown>\n#18 0x7feaef494ac3 <unknown>","statusTrace":"@pytest.fixture\n    def browser() -> WebDriver:\n        \"\"\"\n        Fixture to initialize and provide a WebDriver instance.\n    \n        Returns:\n            WebDriver: The WebDriver instance for the browser.\n        \"\"\"\n        chrome_options = Options()\n        chrome_options.add_argument(\"--headless=new\")\n        chrome_options.add_argument(\"--window-size=1920,1080\")\n>       driver = webdriver.Chrome(options=chrome_options)\n\nconftest.py:20: \n_ _ _ _ _ _ _ _ _ _ _ _ _ _ _ _ _ _ _ _ _ _ _ _ _ _ _ _ _ _ _ _ _ _ _ _ _ _ _ _ \n/opt/hostedtoolcache/Python/3.12.6/x64/lib/python3.12/site-packages/selenium/webdriver/chrome/webdriver.py:45: in __init__\n    super().__init__(\n/opt/hostedtoolcache/Python/3.12.6/x64/lib/python3.12/site-packages/selenium/webdriver/chromium/webdriver.py:66: in __init__\n    super().__init__(command_executor=executor, options=options)\n/opt/hostedtoolcache/Python/3.12.6/x64/lib/python3.12/site-packages/selenium/webdriver/remote/webdriver.py:212: in __init__\n    self.start_session(capabilities)\n/opt/hostedtoolcache/Python/3.12.6/x64/lib/python3.12/site-packages/selenium/webdriver/remote/webdriver.py:299: in start_session\n    response = self.execute(Command.NEW_SESSION, caps)[\"value\"]\n/opt/hostedtoolcache/Python/3.12.6/x64/lib/python3.12/site-packages/selenium/webdriver/remote/webdriver.py:354: in execute\n    self.error_handler.check_response(response)\n_ _ _ _ _ _ _ _ _ _ _ _ _ _ _ _ _ _ _ _ _ _ _ _ _ _ _ _ _ _ _ _ _ _ _ _ _ _ _ _ \n\nself = <selenium.webdriver.remote.errorhandler.ErrorHandler object at 0x7f6a64b53770>\nresponse = {'status': 500, 'value': '{\"value\":{\"error\":\"session not created\",\"message\":\"session not created: This version of Chro...\\\\n#16 0x56449044c040 \\\\u003Cunknown>\\\\n#17 0x56449045b49c \\\\u003Cunknown>\\\\n#18 0x7feaef494ac3 \\\\u003Cunknown>\\\\n\"}}'}\n\n    def check_response(self, response: Dict[str, Any]) -> None:\n        \"\"\"Checks that a JSON response from the WebDriver does not have an\n        error.\n    \n        :Args:\n         - response - The JSON response from the WebDriver server as a dictionary\n           object.\n    \n        :Raises: If the response contains an error message.\n        \"\"\"\n        status = response.get(\"status\", None)\n        if not status or status == ErrorCode.SUCCESS:\n            return\n        value = None\n        message = response.get(\"message\", \"\")\n        screen: str = response.get(\"screen\", \"\")\n        stacktrace = None\n        if isinstance(status, int):\n            value_json = response.get(\"value\", None)\n            if value_json and isinstance(value_json, str):\n                import json\n    \n                try:\n                    value = json.loads(value_json)\n                    if len(value) == 1:\n                        value = value[\"value\"]\n                    status = value.get(\"error\", None)\n                    if not status:\n                        status = value.get(\"status\", ErrorCode.UNKNOWN_ERROR)\n                        message = value.get(\"value\") or value.get(\"message\")\n                        if not isinstance(message, str):\n                            value = message\n                            message = message.get(\"message\")\n                    else:\n                        message = value.get(\"message\", None)\n                except ValueError:\n                    pass\n    \n        exception_class: Type[WebDriverException]\n        e = ErrorCode()\n        error_codes = [item for item in dir(e) if not item.startswith(\"__\")]\n        for error_code in error_codes:\n            error_info = getattr(ErrorCode, error_code)\n            if isinstance(error_info, list) and status in error_info:\n                exception_class = getattr(ExceptionMapping, error_code, WebDriverException)\n                break\n        else:\n            exception_class = WebDriverException\n    \n        if not value:\n            value = response[\"value\"]\n        if isinstance(value, str):\n            raise exception_class(value)\n        if message == \"\" and \"message\" in value:\n            message = value[\"message\"]\n    \n        screen = None  # type: ignore[assignment]\n        if \"screen\" in value:\n            screen = value[\"screen\"]\n    \n        stacktrace = None\n        st_value = value.get(\"stackTrace\") or value.get(\"stacktrace\")\n        if st_value:\n            if isinstance(st_value, str):\n                stacktrace = st_value.split(\"\\n\")\n            else:\n                stacktrace = []\n                try:\n                    for frame in st_value:\n                        line = frame.get(\"lineNumber\", \"\")\n                        file = frame.get(\"fileName\", \"<anonymous>\")\n                        if line:\n                            file = f\"{file}:{line}\"\n                        meth = frame.get(\"methodName\", \"<anonymous>\")\n                        if \"className\" in frame:\n                            meth = f\"{frame['className']}.{meth}\"\n                        msg = \"    at %s (%s)\"\n                        msg = msg % (meth, file)\n                        stacktrace.append(msg)\n                except TypeError:\n                    pass\n        if exception_class == UnexpectedAlertPresentException:\n            alert_text = None\n            if \"data\" in value:\n                alert_text = value[\"data\"].get(\"text\")\n            elif \"alert\" in value:\n                alert_text = value[\"alert\"].get(\"text\")\n            raise exception_class(message, screen, stacktrace, alert_text)  # type: ignore[call-arg]  # mypy is not smart enough here\n>       raise exception_class(message, screen, stacktrace)\nE       selenium.common.exceptions.SessionNotCreatedException: Message: session not created: This version of ChromeDriver only supports Chrome version 127\nE       Current browser version is 129.0.6668.58 with binary path /usr/bin/google-chrome\nE       Stacktrace:\nE       #0 0x56449045c6ca <unknown>\nE       #1 0x56449012d600 <unknown>\nE       #2 0x56449016c13c <unknown>\nE       #3 0x56449016b0b2 <unknown>\nE       #4 0x564490165f24 <unknown>\nE       #5 0x5644901612f8 <unknown>\nE       #6 0x5644901abce8 <unknown>\nE       #7 0x56449019f643 <unknown>\nE       #8 0x56449016fd31 <unknown>\nE       #9 0x56449017079e <unknown>\nE       #10 0x56449042425b <unknown>\nE       #11 0x5644904281f2 <unknown>\nE       #12 0x564490411615 <unknown>\nE       #13 0x564490428d82 <unknown>\nE       #14 0x5644903f625f <unknown>\nE       #15 0x56449044be68 <unknown>\nE       #16 0x56449044c040 <unknown>\nE       #17 0x56449045b49c <unknown>\nE       #18 0x7feaef494ac3 <unknown>\n\n/opt/hostedtoolcache/Python/3.12.6/x64/lib/python3.12/site-packages/selenium/webdriver/remote/errorhandler.py:229: SessionNotCreatedException","steps":[],"attachments":[{"uid":"44cbb737f5489ff","name":"log","source":"44cbb737f5489ff.txt","type":"text/plain","size":29481}],"parameters":[],"shouldDisplayMessage":true,"stepsCount":0,"attachmentsCount":1,"hasContent":true,"attachmentStep":false},"afterStages":[],"labels":[{"name":"severity","value":"critical"},{"name":"story","value":"Add a new customer with valid data"},{"name":"feature","value":"Add Customer"},{"name":"epic","value":"Customer Management"},{"name":"tag","value":"ui"},{"name":"tag","value":"smoke"},{"name":"parentSuite","value":"tests.ui"},{"name":"suite","value":"test_add_customer"},{"name":"subSuite","value":"TestAddCustomer"},{"name":"host","value":"fv-az1442-153"},{"name":"thread","value":"2271-MainThread"},{"name":"framework","value":"pytest"},{"name":"language","value":"cpython3"},{"name":"package","value":"tests.ui.test_add_customer"},{"name":"resultFormat","value":"allure2"}],"parameters":[],"links":[],"hidden":false,"retry":false,"extra":{"severity":"critical","retries":[{"uid":"28373c5e61c66f5","status":"broken","statusDetails":"selenium.common.exceptions.SessionNotCreatedException: Message: session not created: This version of ChromeDriver only supports Chrome version 127\nCurrent browser version is 129.0.6668.58 with binary path /usr/bin/google-chrome\nStacktrace:\n#0 0x55b3cc5736ca <unknown>\n#1 0x55b3cc244600 <unknown>\n#2 0x55b3cc28313c <unknown>\n#3 0x55b3cc2820b2 <unknown>\n#4 0x55b3cc27cf24 <unknown>\n#5 0x55b3cc2782f8 <unknown>\n#6 0x55b3cc2c2ce8 <unknown>\n#7 0x55b3cc2b6643 <unknown>\n#8 0x55b3cc286d31 <unknown>\n#9 0x55b3cc28779e <unknown>\n#10 0x55b3cc53b25b <unknown>\n#11 0x55b3cc53f1f2 <unknown>\n#12 0x55b3cc528615 <unknown>\n#13 0x55b3cc53fd82 <unknown>\n#14 0x55b3cc50d25f <unknown>\n#15 0x55b3cc562e68 <unknown>\n#16 0x55b3cc563040 <unknown>\n#17 0x55b3cc57249c <unknown>\n#18 0x7f05e1a94ac3 <unknown>","time":{"start":1727440740549,"stop":1727440740549,"duration":0}},{"uid":"ec2ec46b604f8e2e","status":"broken","statusDetails":"selenium.common.exceptions.SessionNotCreatedException: Message: session not created: This version of ChromeDriver only supports Chrome version 127\nCurrent browser version is 129.0.6668.58 with binary path /usr/bin/google-chrome\nStacktrace:\n#0 0x55ec655f96ca <unknown>\n#1 0x55ec652ca600 <unknown>\n#2 0x55ec6530913c <unknown>\n#3 0x55ec653080b2 <unknown>\n#4 0x55ec65302f24 <unknown>\n#5 0x55ec652fe2f8 <unknown>\n#6 0x55ec65348ce8 <unknown>\n#7 0x55ec6533c643 <unknown>\n#8 0x55ec6530cd31 <unknown>\n#9 0x55ec6530d79e <unknown>\n#10 0x55ec655c125b <unknown>\n#11 0x55ec655c51f2 <unknown>\n#12 0x55ec655ae615 <unknown>\n#13 0x55ec655c5d82 <unknown>\n#14 0x55ec6559325f <unknown>\n#15 0x55ec655e8e68 <unknown>\n#16 0x55ec655e9040 <unknown>\n#17 0x55ec655f849c <unknown>\n#18 0x7f3879894ac3 <unknown>","time":{"start":1727440734990,"stop":1727440734990,"duration":0}},{"uid":"ed116da3178cfdb6","status":"broken","statusDetails":"selenium.common.exceptions.SessionNotCreatedException: Message: session not created: This version of ChromeDriver only supports Chrome version 127\nCurrent browser version is 129.0.6668.58 with binary path /usr/bin/google-chrome\nStacktrace:\n#0 0x56358dc476ca <unknown>\n#1 0x56358d918600 <unknown>\n#2 0x56358d95713c <unknown>\n#3 0x56358d9560b2 <unknown>\n#4 0x56358d950f24 <unknown>\n#5 0x56358d94c2f8 <unknown>\n#6 0x56358d996ce8 <unknown>\n#7 0x56358d98a643 <unknown>\n#8 0x56358d95ad31 <unknown>\n#9 0x56358d95b79e <unknown>\n#10 0x56358dc0f25b <unknown>\n#11 0x56358dc131f2 <unknown>\n#12 0x56358dbfc615 <unknown>\n#13 0x56358dc13d82 <unknown>\n#14 0x56358dbe125f <unknown>\n#15 0x56358dc36e68 <unknown>\n#16 0x56358dc37040 <unknown>\n#17 0x56358dc4649c <unknown>\n#18 0x7f9344a94ac3 <unknown>","time":{"start":1727440729365,"stop":1727440729365,"duration":0}},{"uid":"73e3cc9ecb492dd8","status":"broken","statusDetails":"selenium.common.exceptions.SessionNotCreatedException: Message: session not created: This version of ChromeDriver only supports Chrome version 127\nCurrent browser version is 129.0.6668.58 with binary path /usr/bin/google-chrome\nStacktrace:\n#0 0x555f04b766ca <unknown>\n#1 0x555f04847600 <unknown>\n#2 0x555f0488613c <unknown>\n#3 0x555f048850b2 <unknown>\n#4 0x555f0487ff24 <unknown>\n#5 0x555f0487b2f8 <unknown>\n#6 0x555f048c5ce8 <unknown>\n#7 0x555f048b9643 <unknown>\n#8 0x555f04889d31 <unknown>\n#9 0x555f0488a79e <unknown>\n#10 0x555f04b3e25b <unknown>\n#11 0x555f04b421f2 <unknown>\n#12 0x555f04b2b615 <unknown>\n#13 0x555f04b42d82 <unknown>\n#14 0x555f04b1025f <unknown>\n#15 0x555f04b65e68 <unknown>\n#16 0x555f04b66040 <unknown>\n#17 0x555f04b7549c <unknown>\n#18 0x7f0bc5894ac3 <unknown>","time":{"start":1727440723668,"stop":1727440723668,"duration":0}},{"uid":"e05c254a6535ca85","status":"broken","statusDetails":"selenium.common.exceptions.SessionNotCreatedException: Message: session not created: This version of ChromeDriver only supports Chrome version 127\nCurrent browser version is 129.0.6668.58 with binary path /usr/bin/google-chrome\nStacktrace:\n#0 0x5651dee226ca <unknown>\n#1 0x5651deaf3600 <unknown>\n#2 0x5651deb3213c <unknown>\n#3 0x5651deb310b2 <unknown>\n#4 0x5651deb2bf24 <unknown>\n#5 0x5651deb272f8 <unknown>\n#6 0x5651deb71ce8 <unknown>\n#7 0x5651deb65643 <unknown>\n#8 0x5651deb35d31 <unknown>\n#9 0x5651deb3679e <unknown>\n#10 0x5651dedea25b <unknown>\n#11 0x5651dedee1f2 <unknown>\n#12 0x5651dedd7615 <unknown>\n#13 0x5651dedeed82 <unknown>\n#14 0x5651dedbc25f <unknown>\n#15 0x5651dee11e68 <unknown>\n#16 0x5651dee12040 <unknown>\n#17 0x5651dee2149c <unknown>\n#18 0x7f32a7094ac3 <unknown>","time":{"start":1727440717425,"stop":1727440717425,"duration":0}}],"categories":[{"name":"Test defects","matchedStatuses":[],"flaky":false}],"tags":["ui","smoke"]},"source":"3301529982c9eb19.json","parameterValues":[]}