{"uid":"cc8a1f5c93fabf4f","name":"test_delete_customer_with_average_name_length","fullName":"tests.ui.test_delete_customers.TestDeleteCustomer#test_delete_customer_with_average_name_length","historyId":"4d4da6082712ff33e56aa7fdd48c8b42","time":{"start":1727440746882,"stop":1727440746882,"duration":0},"description":"Test deleting a customer with an average name length.","descriptionHtml":"\n<h2>Testing Customer Deletion in XYZ Bank</h2>\n<p>This test verifies the functionality of deleting a customer\n   from the XYZ Bank system based on average name length, including:</p>\n<ul>\n    <li>Opening the Customer List page</li>\n    <li>Verifying the page is loaded</li>\n    <li>Getting the list of customer names</li>\n    <li>Calculating the average name length</li>\n    <li>Finding the name closest to the average length</li>\n    <li>Deleting the customer with that name</li>\n    <li>Clearing the search input field</li>\n    <li>Verifying the customer was deleted</li>\n</ul>\n","status":"broken","statusMessage":"selenium.common.exceptions.SessionNotCreatedException: Message: session not created: This version of ChromeDriver only supports Chrome version 127\nCurrent browser version is 129.0.6668.58 with binary path /usr/bin/google-chrome\nStacktrace:\n#0 0x5571e52716ca <unknown>\n#1 0x5571e4f42600 <unknown>\n#2 0x5571e4f8113c <unknown>\n#3 0x5571e4f800b2 <unknown>\n#4 0x5571e4f7af24 <unknown>\n#5 0x5571e4f762f8 <unknown>\n#6 0x5571e4fc0ce8 <unknown>\n#7 0x5571e4fb4643 <unknown>\n#8 0x5571e4f84d31 <unknown>\n#9 0x5571e4f8579e <unknown>\n#10 0x5571e523925b <unknown>\n#11 0x5571e523d1f2 <unknown>\n#12 0x5571e5226615 <unknown>\n#13 0x5571e523dd82 <unknown>\n#14 0x5571e520b25f <unknown>\n#15 0x5571e5260e68 <unknown>\n#16 0x5571e5261040 <unknown>\n#17 0x5571e527049c <unknown>\n#18 0x7f5aed294ac3 <unknown>","statusTrace":"@pytest.fixture\n    def browser() -> WebDriver:\n        \"\"\"\n        Fixture to initialize and provide a WebDriver instance.\n    \n        Returns:\n            WebDriver: The WebDriver instance for the browser.\n        \"\"\"\n        chrome_options = Options()\n        chrome_options.add_argument(\"--headless=new\")\n        chrome_options.add_argument(\"--window-size=1920,1080\")\n>       driver = webdriver.Chrome(options=chrome_options)\n\nconftest.py:20: \n_ _ _ _ _ _ _ _ _ _ _ _ _ _ _ _ _ _ _ _ _ _ _ _ _ _ _ _ _ _ _ _ _ _ _ _ _ _ _ _ \n/opt/hostedtoolcache/Python/3.12.6/x64/lib/python3.12/site-packages/selenium/webdriver/chrome/webdriver.py:45: in __init__\n    super().__init__(\n/opt/hostedtoolcache/Python/3.12.6/x64/lib/python3.12/site-packages/selenium/webdriver/chromium/webdriver.py:66: in __init__\n    super().__init__(command_executor=executor, options=options)\n/opt/hostedtoolcache/Python/3.12.6/x64/lib/python3.12/site-packages/selenium/webdriver/remote/webdriver.py:212: in __init__\n    self.start_session(capabilities)\n/opt/hostedtoolcache/Python/3.12.6/x64/lib/python3.12/site-packages/selenium/webdriver/remote/webdriver.py:299: in start_session\n    response = self.execute(Command.NEW_SESSION, caps)[\"value\"]\n/opt/hostedtoolcache/Python/3.12.6/x64/lib/python3.12/site-packages/selenium/webdriver/remote/webdriver.py:354: in execute\n    self.error_handler.check_response(response)\n_ _ _ _ _ _ _ _ _ _ _ _ _ _ _ _ _ _ _ _ _ _ _ _ _ _ _ _ _ _ _ _ _ _ _ _ _ _ _ _ \n\nself = <selenium.webdriver.remote.errorhandler.ErrorHandler object at 0x7f67b6f01070>\nresponse = {'status': 500, 'value': '{\"value\":{\"error\":\"session not created\",\"message\":\"session not created: This version of Chro...\\\\n#16 0x5571e5261040 \\\\u003Cunknown>\\\\n#17 0x5571e527049c \\\\u003Cunknown>\\\\n#18 0x7f5aed294ac3 \\\\u003Cunknown>\\\\n\"}}'}\n\n    def check_response(self, response: Dict[str, Any]) -> None:\n        \"\"\"Checks that a JSON response from the WebDriver does not have an\n        error.\n    \n        :Args:\n         - response - The JSON response from the WebDriver server as a dictionary\n           object.\n    \n        :Raises: If the response contains an error message.\n        \"\"\"\n        status = response.get(\"status\", None)\n        if not status or status == ErrorCode.SUCCESS:\n            return\n        value = None\n        message = response.get(\"message\", \"\")\n        screen: str = response.get(\"screen\", \"\")\n        stacktrace = None\n        if isinstance(status, int):\n            value_json = response.get(\"value\", None)\n            if value_json and isinstance(value_json, str):\n                import json\n    \n                try:\n                    value = json.loads(value_json)\n                    if len(value) == 1:\n                        value = value[\"value\"]\n                    status = value.get(\"error\", None)\n                    if not status:\n                        status = value.get(\"status\", ErrorCode.UNKNOWN_ERROR)\n                        message = value.get(\"value\") or value.get(\"message\")\n                        if not isinstance(message, str):\n                            value = message\n                            message = message.get(\"message\")\n                    else:\n                        message = value.get(\"message\", None)\n                except ValueError:\n                    pass\n    \n        exception_class: Type[WebDriverException]\n        e = ErrorCode()\n        error_codes = [item for item in dir(e) if not item.startswith(\"__\")]\n        for error_code in error_codes:\n            error_info = getattr(ErrorCode, error_code)\n            if isinstance(error_info, list) and status in error_info:\n                exception_class = getattr(ExceptionMapping, error_code, WebDriverException)\n                break\n        else:\n            exception_class = WebDriverException\n    \n        if not value:\n            value = response[\"value\"]\n        if isinstance(value, str):\n            raise exception_class(value)\n        if message == \"\" and \"message\" in value:\n            message = value[\"message\"]\n    \n        screen = None  # type: ignore[assignment]\n        if \"screen\" in value:\n            screen = value[\"screen\"]\n    \n        stacktrace = None\n        st_value = value.get(\"stackTrace\") or value.get(\"stacktrace\")\n        if st_value:\n            if isinstance(st_value, str):\n                stacktrace = st_value.split(\"\\n\")\n            else:\n                stacktrace = []\n                try:\n                    for frame in st_value:\n                        line = frame.get(\"lineNumber\", \"\")\n                        file = frame.get(\"fileName\", \"<anonymous>\")\n                        if line:\n                            file = f\"{file}:{line}\"\n                        meth = frame.get(\"methodName\", \"<anonymous>\")\n                        if \"className\" in frame:\n                            meth = f\"{frame['className']}.{meth}\"\n                        msg = \"    at %s (%s)\"\n                        msg = msg % (meth, file)\n                        stacktrace.append(msg)\n                except TypeError:\n                    pass\n        if exception_class == UnexpectedAlertPresentException:\n            alert_text = None\n            if \"data\" in value:\n                alert_text = value[\"data\"].get(\"text\")\n            elif \"alert\" in value:\n                alert_text = value[\"alert\"].get(\"text\")\n            raise exception_class(message, screen, stacktrace, alert_text)  # type: ignore[call-arg]  # mypy is not smart enough here\n>       raise exception_class(message, screen, stacktrace)\nE       selenium.common.exceptions.SessionNotCreatedException: Message: session not created: This version of ChromeDriver only supports Chrome version 127\nE       Current browser version is 129.0.6668.58 with binary path /usr/bin/google-chrome\nE       Stacktrace:\nE       #0 0x5571e52716ca <unknown>\nE       #1 0x5571e4f42600 <unknown>\nE       #2 0x5571e4f8113c <unknown>\nE       #3 0x5571e4f800b2 <unknown>\nE       #4 0x5571e4f7af24 <unknown>\nE       #5 0x5571e4f762f8 <unknown>\nE       #6 0x5571e4fc0ce8 <unknown>\nE       #7 0x5571e4fb4643 <unknown>\nE       #8 0x5571e4f84d31 <unknown>\nE       #9 0x5571e4f8579e <unknown>\nE       #10 0x5571e523925b <unknown>\nE       #11 0x5571e523d1f2 <unknown>\nE       #12 0x5571e5226615 <unknown>\nE       #13 0x5571e523dd82 <unknown>\nE       #14 0x5571e520b25f <unknown>\nE       #15 0x5571e5260e68 <unknown>\nE       #16 0x5571e5261040 <unknown>\nE       #17 0x5571e527049c <unknown>\nE       #18 0x7f5aed294ac3 <unknown>\n\n/opt/hostedtoolcache/Python/3.12.6/x64/lib/python3.12/site-packages/selenium/webdriver/remote/errorhandler.py:229: SessionNotCreatedException","flaky":false,"newFailed":false,"newBroken":false,"newPassed":false,"retriesCount":5,"retriesStatusChange":false,"beforeStages":[{"name":"_skip_sensitive","time":{"start":1727440746883,"stop":1727440746883,"duration":0},"status":"passed","steps":[],"attachments":[],"parameters":[],"shouldDisplayMessage":false,"stepsCount":0,"attachmentsCount":0,"hasContent":false,"attachmentStep":false},{"name":"browser","time":{"start":1727440746883,"stop":1727440747275,"duration":392},"status":"broken","statusMessage":"selenium.common.exceptions.SessionNotCreatedException: Message: session not created: This version of ChromeDriver only supports Chrome version 127\nCurrent browser version is 129.0.6668.58 with binary path /usr/bin/google-chrome\nStacktrace:\n#0 0x5571e52716ca <unknown>\n#1 0x5571e4f42600 <unknown>\n#2 0x5571e4f8113c <unknown>\n#3 0x5571e4f800b2 <unknown>\n#4 0x5571e4f7af24 <unknown>\n#5 0x5571e4f762f8 <unknown>\n#6 0x5571e4fc0ce8 <unknown>\n#7 0x5571e4fb4643 <unknown>\n#8 0x5571e4f84d31 <unknown>\n#9 0x5571e4f8579e <unknown>\n#10 0x5571e523925b <unknown>\n#11 0x5571e523d1f2 <unknown>\n#12 0x5571e5226615 <unknown>\n#13 0x5571e523dd82 <unknown>\n#14 0x5571e520b25f <unknown>\n#15 0x5571e5260e68 <unknown>\n#16 0x5571e5261040 <unknown>\n#17 0x5571e527049c <unknown>\n#18 0x7f5aed294ac3 <unknown>\n\n","statusTrace":"  File \"/opt/hostedtoolcache/Python/3.12.6/x64/lib/python3.12/site-packages/pluggy/_callers.py\", line 167, in _multicall\n    teardown.throw(outcome._exception)\n  File \"/opt/hostedtoolcache/Python/3.12.6/x64/lib/python3.12/site-packages/_pytest/setuponly.py\", line 36, in pytest_fixture_setup\n    return (yield)\n            ^^^^^\n  File \"/opt/hostedtoolcache/Python/3.12.6/x64/lib/python3.12/site-packages/pluggy/_callers.py\", line 103, in _multicall\n    res = hook_impl.function(*args)\n          ^^^^^^^^^^^^^^^^^^^^^^^^^\n  File \"/opt/hostedtoolcache/Python/3.12.6/x64/lib/python3.12/site-packages/_pytest/fixtures.py\", line 1140, in pytest_fixture_setup\n    result = call_fixture_func(fixturefunc, request, kwargs)\n             ^^^^^^^^^^^^^^^^^^^^^^^^^^^^^^^^^^^^^^^^^^^^^^^\n  File \"/opt/hostedtoolcache/Python/3.12.6/x64/lib/python3.12/site-packages/_pytest/fixtures.py\", line 891, in call_fixture_func\n    fixture_result = next(generator)\n                     ^^^^^^^^^^^^^^^\n  File \"/home/runner/work/TestNest/TestNest/conftest.py\", line 20, in browser\n    driver = webdriver.Chrome(options=chrome_options)\n             ^^^^^^^^^^^^^^^^^^^^^^^^^^^^^^^^^^^^^^^^\n  File \"/opt/hostedtoolcache/Python/3.12.6/x64/lib/python3.12/site-packages/selenium/webdriver/chrome/webdriver.py\", line 45, in __init__\n    super().__init__(\n  File \"/opt/hostedtoolcache/Python/3.12.6/x64/lib/python3.12/site-packages/selenium/webdriver/chromium/webdriver.py\", line 66, in __init__\n    super().__init__(command_executor=executor, options=options)\n  File \"/opt/hostedtoolcache/Python/3.12.6/x64/lib/python3.12/site-packages/selenium/webdriver/remote/webdriver.py\", line 212, in __init__\n    self.start_session(capabilities)\n  File \"/opt/hostedtoolcache/Python/3.12.6/x64/lib/python3.12/site-packages/selenium/webdriver/remote/webdriver.py\", line 299, in start_session\n    response = self.execute(Command.NEW_SESSION, caps)[\"value\"]\n               ^^^^^^^^^^^^^^^^^^^^^^^^^^^^^^^^^^^^^^^\n  File \"/opt/hostedtoolcache/Python/3.12.6/x64/lib/python3.12/site-packages/selenium/webdriver/remote/webdriver.py\", line 354, in execute\n    self.error_handler.check_response(response)\n  File \"/opt/hostedtoolcache/Python/3.12.6/x64/lib/python3.12/site-packages/selenium/webdriver/remote/errorhandler.py\", line 229, in check_response\n    raise exception_class(message, screen, stacktrace)\n","steps":[],"attachments":[],"parameters":[],"shouldDisplayMessage":true,"stepsCount":0,"attachmentsCount":0,"hasContent":true,"attachmentStep":false}],"testStage":{"description":"Test deleting a customer with an average name length.","descriptionHtml":"\n<h2>Testing Customer Deletion in XYZ Bank</h2>\n<p>This test verifies the functionality of deleting a customer\n   from the XYZ Bank system based on average name length, including:</p>\n<ul>\n    <li>Opening the Customer List page</li>\n    <li>Verifying the page is loaded</li>\n    <li>Getting the list of customer names</li>\n    <li>Calculating the average name length</li>\n    <li>Finding the name closest to the average length</li>\n    <li>Deleting the customer with that name</li>\n    <li>Clearing the search input field</li>\n    <li>Verifying the customer was deleted</li>\n</ul>\n","status":"broken","statusMessage":"selenium.common.exceptions.SessionNotCreatedException: Message: session not created: This version of ChromeDriver only supports Chrome version 127\nCurrent browser version is 129.0.6668.58 with binary path /usr/bin/google-chrome\nStacktrace:\n#0 0x5571e52716ca <unknown>\n#1 0x5571e4f42600 <unknown>\n#2 0x5571e4f8113c <unknown>\n#3 0x5571e4f800b2 <unknown>\n#4 0x5571e4f7af24 <unknown>\n#5 0x5571e4f762f8 <unknown>\n#6 0x5571e4fc0ce8 <unknown>\n#7 0x5571e4fb4643 <unknown>\n#8 0x5571e4f84d31 <unknown>\n#9 0x5571e4f8579e <unknown>\n#10 0x5571e523925b <unknown>\n#11 0x5571e523d1f2 <unknown>\n#12 0x5571e5226615 <unknown>\n#13 0x5571e523dd82 <unknown>\n#14 0x5571e520b25f <unknown>\n#15 0x5571e5260e68 <unknown>\n#16 0x5571e5261040 <unknown>\n#17 0x5571e527049c <unknown>\n#18 0x7f5aed294ac3 <unknown>","statusTrace":"@pytest.fixture\n    def browser() -> WebDriver:\n        \"\"\"\n        Fixture to initialize and provide a WebDriver instance.\n    \n        Returns:\n            WebDriver: The WebDriver instance for the browser.\n        \"\"\"\n        chrome_options = Options()\n        chrome_options.add_argument(\"--headless=new\")\n        chrome_options.add_argument(\"--window-size=1920,1080\")\n>       driver = webdriver.Chrome(options=chrome_options)\n\nconftest.py:20: \n_ _ _ _ _ _ _ _ _ _ _ _ _ _ _ _ _ _ _ _ _ _ _ _ _ _ _ _ _ _ _ _ _ _ _ _ _ _ _ _ \n/opt/hostedtoolcache/Python/3.12.6/x64/lib/python3.12/site-packages/selenium/webdriver/chrome/webdriver.py:45: in __init__\n    super().__init__(\n/opt/hostedtoolcache/Python/3.12.6/x64/lib/python3.12/site-packages/selenium/webdriver/chromium/webdriver.py:66: in __init__\n    super().__init__(command_executor=executor, options=options)\n/opt/hostedtoolcache/Python/3.12.6/x64/lib/python3.12/site-packages/selenium/webdriver/remote/webdriver.py:212: in __init__\n    self.start_session(capabilities)\n/opt/hostedtoolcache/Python/3.12.6/x64/lib/python3.12/site-packages/selenium/webdriver/remote/webdriver.py:299: in start_session\n    response = self.execute(Command.NEW_SESSION, caps)[\"value\"]\n/opt/hostedtoolcache/Python/3.12.6/x64/lib/python3.12/site-packages/selenium/webdriver/remote/webdriver.py:354: in execute\n    self.error_handler.check_response(response)\n_ _ _ _ _ _ _ _ _ _ _ _ _ _ _ _ _ _ _ _ _ _ _ _ _ _ _ _ _ _ _ _ _ _ _ _ _ _ _ _ \n\nself = <selenium.webdriver.remote.errorhandler.ErrorHandler object at 0x7f67b6f01070>\nresponse = {'status': 500, 'value': '{\"value\":{\"error\":\"session not created\",\"message\":\"session not created: This version of Chro...\\\\n#16 0x5571e5261040 \\\\u003Cunknown>\\\\n#17 0x5571e527049c \\\\u003Cunknown>\\\\n#18 0x7f5aed294ac3 \\\\u003Cunknown>\\\\n\"}}'}\n\n    def check_response(self, response: Dict[str, Any]) -> None:\n        \"\"\"Checks that a JSON response from the WebDriver does not have an\n        error.\n    \n        :Args:\n         - response - The JSON response from the WebDriver server as a dictionary\n           object.\n    \n        :Raises: If the response contains an error message.\n        \"\"\"\n        status = response.get(\"status\", None)\n        if not status or status == ErrorCode.SUCCESS:\n            return\n        value = None\n        message = response.get(\"message\", \"\")\n        screen: str = response.get(\"screen\", \"\")\n        stacktrace = None\n        if isinstance(status, int):\n            value_json = response.get(\"value\", None)\n            if value_json and isinstance(value_json, str):\n                import json\n    \n                try:\n                    value = json.loads(value_json)\n                    if len(value) == 1:\n                        value = value[\"value\"]\n                    status = value.get(\"error\", None)\n                    if not status:\n                        status = value.get(\"status\", ErrorCode.UNKNOWN_ERROR)\n                        message = value.get(\"value\") or value.get(\"message\")\n                        if not isinstance(message, str):\n                            value = message\n                            message = message.get(\"message\")\n                    else:\n                        message = value.get(\"message\", None)\n                except ValueError:\n                    pass\n    \n        exception_class: Type[WebDriverException]\n        e = ErrorCode()\n        error_codes = [item for item in dir(e) if not item.startswith(\"__\")]\n        for error_code in error_codes:\n            error_info = getattr(ErrorCode, error_code)\n            if isinstance(error_info, list) and status in error_info:\n                exception_class = getattr(ExceptionMapping, error_code, WebDriverException)\n                break\n        else:\n            exception_class = WebDriverException\n    \n        if not value:\n            value = response[\"value\"]\n        if isinstance(value, str):\n            raise exception_class(value)\n        if message == \"\" and \"message\" in value:\n            message = value[\"message\"]\n    \n        screen = None  # type: ignore[assignment]\n        if \"screen\" in value:\n            screen = value[\"screen\"]\n    \n        stacktrace = None\n        st_value = value.get(\"stackTrace\") or value.get(\"stacktrace\")\n        if st_value:\n            if isinstance(st_value, str):\n                stacktrace = st_value.split(\"\\n\")\n            else:\n                stacktrace = []\n                try:\n                    for frame in st_value:\n                        line = frame.get(\"lineNumber\", \"\")\n                        file = frame.get(\"fileName\", \"<anonymous>\")\n                        if line:\n                            file = f\"{file}:{line}\"\n                        meth = frame.get(\"methodName\", \"<anonymous>\")\n                        if \"className\" in frame:\n                            meth = f\"{frame['className']}.{meth}\"\n                        msg = \"    at %s (%s)\"\n                        msg = msg % (meth, file)\n                        stacktrace.append(msg)\n                except TypeError:\n                    pass\n        if exception_class == UnexpectedAlertPresentException:\n            alert_text = None\n            if \"data\" in value:\n                alert_text = value[\"data\"].get(\"text\")\n            elif \"alert\" in value:\n                alert_text = value[\"alert\"].get(\"text\")\n            raise exception_class(message, screen, stacktrace, alert_text)  # type: ignore[call-arg]  # mypy is not smart enough here\n>       raise exception_class(message, screen, stacktrace)\nE       selenium.common.exceptions.SessionNotCreatedException: Message: session not created: This version of ChromeDriver only supports Chrome version 127\nE       Current browser version is 129.0.6668.58 with binary path /usr/bin/google-chrome\nE       Stacktrace:\nE       #0 0x5571e52716ca <unknown>\nE       #1 0x5571e4f42600 <unknown>\nE       #2 0x5571e4f8113c <unknown>\nE       #3 0x5571e4f800b2 <unknown>\nE       #4 0x5571e4f7af24 <unknown>\nE       #5 0x5571e4f762f8 <unknown>\nE       #6 0x5571e4fc0ce8 <unknown>\nE       #7 0x5571e4fb4643 <unknown>\nE       #8 0x5571e4f84d31 <unknown>\nE       #9 0x5571e4f8579e <unknown>\nE       #10 0x5571e523925b <unknown>\nE       #11 0x5571e523d1f2 <unknown>\nE       #12 0x5571e5226615 <unknown>\nE       #13 0x5571e523dd82 <unknown>\nE       #14 0x5571e520b25f <unknown>\nE       #15 0x5571e5260e68 <unknown>\nE       #16 0x5571e5261040 <unknown>\nE       #17 0x5571e527049c <unknown>\nE       #18 0x7f5aed294ac3 <unknown>\n\n/opt/hostedtoolcache/Python/3.12.6/x64/lib/python3.12/site-packages/selenium/webdriver/remote/errorhandler.py:229: SessionNotCreatedException","steps":[],"attachments":[{"uid":"2e0af587798d0916","name":"log","source":"2e0af587798d0916.txt","type":"text/plain","size":29705}],"parameters":[],"shouldDisplayMessage":true,"stepsCount":0,"attachmentsCount":1,"hasContent":true,"attachmentStep":false},"afterStages":[],"labels":[{"name":"story","value":"Delete customer with average name length"},{"name":"severity","value":"normal"},{"name":"epic","value":"Customer Management"},{"name":"feature","value":"Delete Customer"},{"name":"tag","value":"ui"},{"name":"parentSuite","value":"tests.ui"},{"name":"suite","value":"test_delete_customers"},{"name":"subSuite","value":"TestDeleteCustomer"},{"name":"host","value":"fv-az1442-153"},{"name":"thread","value":"2280-MainThread"},{"name":"framework","value":"pytest"},{"name":"language","value":"cpython3"},{"name":"package","value":"tests.ui.test_delete_customers"},{"name":"resultFormat","value":"allure2"}],"parameters":[],"links":[],"hidden":false,"retry":false,"extra":{"severity":"normal","retries":[{"uid":"5e6bcc2011ae99d2","status":"broken","statusDetails":"selenium.common.exceptions.SessionNotCreatedException: Message: session not created: This version of ChromeDriver only supports Chrome version 127\nCurrent browser version is 129.0.6668.58 with binary path /usr/bin/google-chrome\nStacktrace:\n#0 0x5640650b86ca <unknown>\n#1 0x564064d89600 <unknown>\n#2 0x564064dc813c <unknown>\n#3 0x564064dc70b2 <unknown>\n#4 0x564064dc1f24 <unknown>\n#5 0x564064dbd2f8 <unknown>\n#6 0x564064e07ce8 <unknown>\n#7 0x564064dfb643 <unknown>\n#8 0x564064dcbd31 <unknown>\n#9 0x564064dcc79e <unknown>\n#10 0x56406508025b <unknown>\n#11 0x5640650841f2 <unknown>\n#12 0x56406506d615 <unknown>\n#13 0x564065084d82 <unknown>\n#14 0x56406505225f <unknown>\n#15 0x5640650a7e68 <unknown>\n#16 0x5640650a8040 <unknown>\n#17 0x5640650b749c <unknown>\n#18 0x7f890be94ac3 <unknown>","time":{"start":1727440741556,"stop":1727440741556,"duration":0}},{"uid":"1c3646e64de2d17b","status":"broken","statusDetails":"selenium.common.exceptions.SessionNotCreatedException: Message: session not created: This version of ChromeDriver only supports Chrome version 127\nCurrent browser version is 129.0.6668.58 with binary path /usr/bin/google-chrome\nStacktrace:\n#0 0x5635260476ca <unknown>\n#1 0x563525d18600 <unknown>\n#2 0x563525d5713c <unknown>\n#3 0x563525d560b2 <unknown>\n#4 0x563525d50f24 <unknown>\n#5 0x563525d4c2f8 <unknown>\n#6 0x563525d96ce8 <unknown>\n#7 0x563525d8a643 <unknown>\n#8 0x563525d5ad31 <unknown>\n#9 0x563525d5b79e <unknown>\n#10 0x56352600f25b <unknown>\n#11 0x5635260131f2 <unknown>\n#12 0x563525ffc615 <unknown>\n#13 0x563526013d82 <unknown>\n#14 0x563525fe125f <unknown>\n#15 0x563526036e68 <unknown>\n#16 0x563526037040 <unknown>\n#17 0x56352604649c <unknown>\n#18 0x7f2e9f294ac3 <unknown>","time":{"start":1727440735031,"stop":1727440735031,"duration":0}},{"uid":"2b919434c9ffc095","status":"broken","statusDetails":"selenium.common.exceptions.SessionNotCreatedException: Message: session not created: This version of ChromeDriver only supports Chrome version 127\nCurrent browser version is 129.0.6668.58 with binary path /usr/bin/google-chrome\nStacktrace:\n#0 0x5574a67e16ca <unknown>\n#1 0x5574a64b2600 <unknown>\n#2 0x5574a64f113c <unknown>\n#3 0x5574a64f00b2 <unknown>\n#4 0x5574a64eaf24 <unknown>\n#5 0x5574a64e62f8 <unknown>\n#6 0x5574a6530ce8 <unknown>\n#7 0x5574a6524643 <unknown>\n#8 0x5574a64f4d31 <unknown>\n#9 0x5574a64f579e <unknown>\n#10 0x5574a67a925b <unknown>\n#11 0x5574a67ad1f2 <unknown>\n#12 0x5574a6796615 <unknown>\n#13 0x5574a67add82 <unknown>\n#14 0x5574a677b25f <unknown>\n#15 0x5574a67d0e68 <unknown>\n#16 0x5574a67d1040 <unknown>\n#17 0x5574a67e049c <unknown>\n#18 0x7fc39ee94ac3 <unknown>","time":{"start":1727440729380,"stop":1727440729380,"duration":0}},{"uid":"f0969b1c1948d6a9","status":"broken","statusDetails":"selenium.common.exceptions.SessionNotCreatedException: Message: session not created: This version of ChromeDriver only supports Chrome version 127\nCurrent browser version is 129.0.6668.58 with binary path /usr/bin/google-chrome\nStacktrace:\n#0 0x5574362756ca <unknown>\n#1 0x557435f46600 <unknown>\n#2 0x557435f8513c <unknown>\n#3 0x557435f840b2 <unknown>\n#4 0x557435f7ef24 <unknown>\n#5 0x557435f7a2f8 <unknown>\n#6 0x557435fc4ce8 <unknown>\n#7 0x557435fb8643 <unknown>\n#8 0x557435f88d31 <unknown>\n#9 0x557435f8979e <unknown>\n#10 0x55743623d25b <unknown>\n#11 0x5574362411f2 <unknown>\n#12 0x55743622a615 <unknown>\n#13 0x557436241d82 <unknown>\n#14 0x55743620f25f <unknown>\n#15 0x557436264e68 <unknown>\n#16 0x557436265040 <unknown>\n#17 0x55743627449c <unknown>\n#18 0x7f132ac94ac3 <unknown>","time":{"start":1727440723629,"stop":1727440723629,"duration":0}},{"uid":"f94f654eb2f329eb","status":"broken","statusDetails":"selenium.common.exceptions.SessionNotCreatedException: Message: session not created: This version of ChromeDriver only supports Chrome version 127\nCurrent browser version is 129.0.6668.58 with binary path /usr/bin/google-chrome\nStacktrace:\n#0 0x556456df96ca <unknown>\n#1 0x556456aca600 <unknown>\n#2 0x556456b0913c <unknown>\n#3 0x556456b080b2 <unknown>\n#4 0x556456b02f24 <unknown>\n#5 0x556456afe2f8 <unknown>\n#6 0x556456b48ce8 <unknown>\n#7 0x556456b3c643 <unknown>\n#8 0x556456b0cd31 <unknown>\n#9 0x556456b0d79e <unknown>\n#10 0x556456dc125b <unknown>\n#11 0x556456dc51f2 <unknown>\n#12 0x556456dae615 <unknown>\n#13 0x556456dc5d82 <unknown>\n#14 0x556456d9325f <unknown>\n#15 0x556456de8e68 <unknown>\n#16 0x556456de9040 <unknown>\n#17 0x556456df849c <unknown>\n#18 0x7f8932494ac3 <unknown>","time":{"start":1727440717425,"stop":1727440717425,"duration":0}}],"categories":[{"name":"Test defects","matchedStatuses":[],"flaky":false}],"tags":["ui"]},"source":"cc8a1f5c93fabf4f.json","parameterValues":[]}