{"uid":"68c841c22f3cca94","name":"test_add_customer","fullName":"tests.ui.test_add_customer.TestAddCustomer#test_add_customer","historyId":"3778a23230ae15cb76cc3ec6844ae9b0","time":{"start":1727440901492,"stop":1727440901492,"duration":0},"description":"Test adding a new customer with valid data.","descriptionHtml":"\n<h2>Testing Customer Registration in XYZ Bank</h2>\n<p>This test suite verifies the functionality of adding customer\n            to the XYZ Bank system, including:</p>\n<ul>\n    <li>Generating test data for customer</li>\n    <li>Opening the Add Customer page</li>\n    <li>Filling in the customer information (First Name, Last Name, Post Code)</li>\n    <li>Submitting the registration form</li>\n    <li>Verifying the success message</li>\n    <li>Accepting the alert</li>\n</ul>\n<p>The test uses specially generated data where:</p>\n<ul>\n    <li>Post Code is a 10-digit number</li>\n    <li>First Name is generated based on the Post Code</li>\n    <li>Last Name is randomly generated</li>\n</ul>\n","status":"broken","statusMessage":"selenium.common.exceptions.SessionNotCreatedException: Message: session not created: This version of ChromeDriver only supports Chrome version 127\nCurrent browser version is 129.0.6668.58 with binary path /usr/bin/google-chrome\nStacktrace:\n#0 0x556f712a16ca <unknown>\n#1 0x556f70f72600 <unknown>\n#2 0x556f70fb113c <unknown>\n#3 0x556f70fb00b2 <unknown>\n#4 0x556f70faaf24 <unknown>\n#5 0x556f70fa62f8 <unknown>\n#6 0x556f70ff0ce8 <unknown>\n#7 0x556f70fe4643 <unknown>\n#8 0x556f70fb4d31 <unknown>\n#9 0x556f70fb579e <unknown>\n#10 0x556f7126925b <unknown>\n#11 0x556f7126d1f2 <unknown>\n#12 0x556f71256615 <unknown>\n#13 0x556f7126dd82 <unknown>\n#14 0x556f7123b25f <unknown>\n#15 0x556f71290e68 <unknown>\n#16 0x556f71291040 <unknown>\n#17 0x556f712a049c <unknown>\n#18 0x7fbae5094ac3 <unknown>","statusTrace":"@pytest.fixture\n    def browser() -> WebDriver:\n        \"\"\"\n        Fixture to initialize and provide a WebDriver instance.\n    \n        Returns:\n            WebDriver: The WebDriver instance for the browser.\n        \"\"\"\n        chrome_options = Options()\n        chrome_options.add_argument(\"--headless=new\")\n        chrome_options.add_argument(\"--window-size=1920,1080\")\n>       driver = webdriver.Chrome(options=chrome_options)\n\nconftest.py:22: \n_ _ _ _ _ _ _ _ _ _ _ _ _ _ _ _ _ _ _ _ _ _ _ _ _ _ _ _ _ _ _ _ _ _ _ _ _ _ _ _ \n/opt/hostedtoolcache/Python/3.12.6/x64/lib/python3.12/site-packages/selenium/webdriver/chrome/webdriver.py:45: in __init__\n    super().__init__(\n/opt/hostedtoolcache/Python/3.12.6/x64/lib/python3.12/site-packages/selenium/webdriver/chromium/webdriver.py:66: in __init__\n    super().__init__(command_executor=executor, options=options)\n/opt/hostedtoolcache/Python/3.12.6/x64/lib/python3.12/site-packages/selenium/webdriver/remote/webdriver.py:212: in __init__\n    self.start_session(capabilities)\n/opt/hostedtoolcache/Python/3.12.6/x64/lib/python3.12/site-packages/selenium/webdriver/remote/webdriver.py:299: in start_session\n    response = self.execute(Command.NEW_SESSION, caps)[\"value\"]\n/opt/hostedtoolcache/Python/3.12.6/x64/lib/python3.12/site-packages/selenium/webdriver/remote/webdriver.py:354: in execute\n    self.error_handler.check_response(response)\n_ _ _ _ _ _ _ _ _ _ _ _ _ _ _ _ _ _ _ _ _ _ _ _ _ _ _ _ _ _ _ _ _ _ _ _ _ _ _ _ \n\nself = <selenium.webdriver.remote.errorhandler.ErrorHandler object at 0x7fbcc83a8920>\nresponse = {'status': 500, 'value': '{\"value\":{\"error\":\"session not created\",\"message\":\"session not created: This version of Chro...\\\\n#16 0x556f71291040 \\\\u003Cunknown>\\\\n#17 0x556f712a049c \\\\u003Cunknown>\\\\n#18 0x7fbae5094ac3 \\\\u003Cunknown>\\\\n\"}}'}\n\n    def check_response(self, response: Dict[str, Any]) -> None:\n        \"\"\"Checks that a JSON response from the WebDriver does not have an\n        error.\n    \n        :Args:\n         - response - The JSON response from the WebDriver server as a dictionary\n           object.\n    \n        :Raises: If the response contains an error message.\n        \"\"\"\n        status = response.get(\"status\", None)\n        if not status or status == ErrorCode.SUCCESS:\n            return\n        value = None\n        message = response.get(\"message\", \"\")\n        screen: str = response.get(\"screen\", \"\")\n        stacktrace = None\n        if isinstance(status, int):\n            value_json = response.get(\"value\", None)\n            if value_json and isinstance(value_json, str):\n                import json\n    \n                try:\n                    value = json.loads(value_json)\n                    if len(value) == 1:\n                        value = value[\"value\"]\n                    status = value.get(\"error\", None)\n                    if not status:\n                        status = value.get(\"status\", ErrorCode.UNKNOWN_ERROR)\n                        message = value.get(\"value\") or value.get(\"message\")\n                        if not isinstance(message, str):\n                            value = message\n                            message = message.get(\"message\")\n                    else:\n                        message = value.get(\"message\", None)\n                except ValueError:\n                    pass\n    \n        exception_class: Type[WebDriverException]\n        e = ErrorCode()\n        error_codes = [item for item in dir(e) if not item.startswith(\"__\")]\n        for error_code in error_codes:\n            error_info = getattr(ErrorCode, error_code)\n            if isinstance(error_info, list) and status in error_info:\n                exception_class = getattr(ExceptionMapping, error_code, WebDriverException)\n                break\n        else:\n            exception_class = WebDriverException\n    \n        if not value:\n            value = response[\"value\"]\n        if isinstance(value, str):\n            raise exception_class(value)\n        if message == \"\" and \"message\" in value:\n            message = value[\"message\"]\n    \n        screen = None  # type: ignore[assignment]\n        if \"screen\" in value:\n            screen = value[\"screen\"]\n    \n        stacktrace = None\n        st_value = value.get(\"stackTrace\") or value.get(\"stacktrace\")\n        if st_value:\n            if isinstance(st_value, str):\n                stacktrace = st_value.split(\"\\n\")\n            else:\n                stacktrace = []\n                try:\n                    for frame in st_value:\n                        line = frame.get(\"lineNumber\", \"\")\n                        file = frame.get(\"fileName\", \"<anonymous>\")\n                        if line:\n                            file = f\"{file}:{line}\"\n                        meth = frame.get(\"methodName\", \"<anonymous>\")\n                        if \"className\" in frame:\n                            meth = f\"{frame['className']}.{meth}\"\n                        msg = \"    at %s (%s)\"\n                        msg = msg % (meth, file)\n                        stacktrace.append(msg)\n                except TypeError:\n                    pass\n        if exception_class == UnexpectedAlertPresentException:\n            alert_text = None\n            if \"data\" in value:\n                alert_text = value[\"data\"].get(\"text\")\n            elif \"alert\" in value:\n                alert_text = value[\"alert\"].get(\"text\")\n            raise exception_class(message, screen, stacktrace, alert_text)  # type: ignore[call-arg]  # mypy is not smart enough here\n>       raise exception_class(message, screen, stacktrace)\nE       selenium.common.exceptions.SessionNotCreatedException: Message: session not created: This version of ChromeDriver only supports Chrome version 127\nE       Current browser version is 129.0.6668.58 with binary path /usr/bin/google-chrome\nE       Stacktrace:\nE       #0 0x556f712a16ca <unknown>\nE       #1 0x556f70f72600 <unknown>\nE       #2 0x556f70fb113c <unknown>\nE       #3 0x556f70fb00b2 <unknown>\nE       #4 0x556f70faaf24 <unknown>\nE       #5 0x556f70fa62f8 <unknown>\nE       #6 0x556f70ff0ce8 <unknown>\nE       #7 0x556f70fe4643 <unknown>\nE       #8 0x556f70fb4d31 <unknown>\nE       #9 0x556f70fb579e <unknown>\nE       #10 0x556f7126925b <unknown>\nE       #11 0x556f7126d1f2 <unknown>\nE       #12 0x556f71256615 <unknown>\nE       #13 0x556f7126dd82 <unknown>\nE       #14 0x556f7123b25f <unknown>\nE       #15 0x556f71290e68 <unknown>\nE       #16 0x556f71291040 <unknown>\nE       #17 0x556f712a049c <unknown>\nE       #18 0x7fbae5094ac3 <unknown>\n\n/opt/hostedtoolcache/Python/3.12.6/x64/lib/python3.12/site-packages/selenium/webdriver/remote/errorhandler.py:229: SessionNotCreatedException","flaky":false,"newFailed":false,"newBroken":false,"newPassed":false,"retriesCount":5,"retriesStatusChange":false,"beforeStages":[{"name":"_skip_sensitive","time":{"start":1727440901493,"stop":1727440901493,"duration":0},"status":"passed","steps":[],"attachments":[],"parameters":[],"shouldDisplayMessage":false,"stepsCount":0,"attachmentsCount":0,"hasContent":false,"attachmentStep":false},{"name":"browser","time":{"start":1727440901493,"stop":1727440902252,"duration":759},"status":"broken","statusMessage":"selenium.common.exceptions.SessionNotCreatedException: Message: session not created: This version of ChromeDriver only supports Chrome version 127\nCurrent browser version is 129.0.6668.58 with binary path /usr/bin/google-chrome\nStacktrace:\n#0 0x556f712a16ca <unknown>\n#1 0x556f70f72600 <unknown>\n#2 0x556f70fb113c <unknown>\n#3 0x556f70fb00b2 <unknown>\n#4 0x556f70faaf24 <unknown>\n#5 0x556f70fa62f8 <unknown>\n#6 0x556f70ff0ce8 <unknown>\n#7 0x556f70fe4643 <unknown>\n#8 0x556f70fb4d31 <unknown>\n#9 0x556f70fb579e <unknown>\n#10 0x556f7126925b <unknown>\n#11 0x556f7126d1f2 <unknown>\n#12 0x556f71256615 <unknown>\n#13 0x556f7126dd82 <unknown>\n#14 0x556f7123b25f <unknown>\n#15 0x556f71290e68 <unknown>\n#16 0x556f71291040 <unknown>\n#17 0x556f712a049c <unknown>\n#18 0x7fbae5094ac3 <unknown>\n\n","statusTrace":"  File \"/opt/hostedtoolcache/Python/3.12.6/x64/lib/python3.12/site-packages/pluggy/_callers.py\", line 167, in _multicall\n    teardown.throw(outcome._exception)\n  File \"/opt/hostedtoolcache/Python/3.12.6/x64/lib/python3.12/site-packages/_pytest/setuponly.py\", line 36, in pytest_fixture_setup\n    return (yield)\n            ^^^^^\n  File \"/opt/hostedtoolcache/Python/3.12.6/x64/lib/python3.12/site-packages/pluggy/_callers.py\", line 103, in _multicall\n    res = hook_impl.function(*args)\n          ^^^^^^^^^^^^^^^^^^^^^^^^^\n  File \"/opt/hostedtoolcache/Python/3.12.6/x64/lib/python3.12/site-packages/_pytest/fixtures.py\", line 1140, in pytest_fixture_setup\n    result = call_fixture_func(fixturefunc, request, kwargs)\n             ^^^^^^^^^^^^^^^^^^^^^^^^^^^^^^^^^^^^^^^^^^^^^^^\n  File \"/opt/hostedtoolcache/Python/3.12.6/x64/lib/python3.12/site-packages/_pytest/fixtures.py\", line 891, in call_fixture_func\n    fixture_result = next(generator)\n                     ^^^^^^^^^^^^^^^\n  File \"/home/runner/work/TestNest/TestNest/conftest.py\", line 22, in browser\n    driver = webdriver.Chrome(options=chrome_options)\n             ^^^^^^^^^^^^^^^^^^^^^^^^^^^^^^^^^^^^^^^^\n  File \"/opt/hostedtoolcache/Python/3.12.6/x64/lib/python3.12/site-packages/selenium/webdriver/chrome/webdriver.py\", line 45, in __init__\n    super().__init__(\n  File \"/opt/hostedtoolcache/Python/3.12.6/x64/lib/python3.12/site-packages/selenium/webdriver/chromium/webdriver.py\", line 66, in __init__\n    super().__init__(command_executor=executor, options=options)\n  File \"/opt/hostedtoolcache/Python/3.12.6/x64/lib/python3.12/site-packages/selenium/webdriver/remote/webdriver.py\", line 212, in __init__\n    self.start_session(capabilities)\n  File \"/opt/hostedtoolcache/Python/3.12.6/x64/lib/python3.12/site-packages/selenium/webdriver/remote/webdriver.py\", line 299, in start_session\n    response = self.execute(Command.NEW_SESSION, caps)[\"value\"]\n               ^^^^^^^^^^^^^^^^^^^^^^^^^^^^^^^^^^^^^^^\n  File \"/opt/hostedtoolcache/Python/3.12.6/x64/lib/python3.12/site-packages/selenium/webdriver/remote/webdriver.py\", line 354, in execute\n    self.error_handler.check_response(response)\n  File \"/opt/hostedtoolcache/Python/3.12.6/x64/lib/python3.12/site-packages/selenium/webdriver/remote/errorhandler.py\", line 229, in check_response\n    raise exception_class(message, screen, stacktrace)\n","steps":[],"attachments":[],"parameters":[],"shouldDisplayMessage":true,"stepsCount":0,"attachmentsCount":0,"hasContent":true,"attachmentStep":false}],"testStage":{"description":"Test adding a new customer with valid data.","descriptionHtml":"\n<h2>Testing Customer Registration in XYZ Bank</h2>\n<p>This test suite verifies the functionality of adding customer\n            to the XYZ Bank system, including:</p>\n<ul>\n    <li>Generating test data for customer</li>\n    <li>Opening the Add Customer page</li>\n    <li>Filling in the customer information (First Name, Last Name, Post Code)</li>\n    <li>Submitting the registration form</li>\n    <li>Verifying the success message</li>\n    <li>Accepting the alert</li>\n</ul>\n<p>The test uses specially generated data where:</p>\n<ul>\n    <li>Post Code is a 10-digit number</li>\n    <li>First Name is generated based on the Post Code</li>\n    <li>Last Name is randomly generated</li>\n</ul>\n","status":"broken","statusMessage":"selenium.common.exceptions.SessionNotCreatedException: Message: session not created: This version of ChromeDriver only supports Chrome version 127\nCurrent browser version is 129.0.6668.58 with binary path /usr/bin/google-chrome\nStacktrace:\n#0 0x556f712a16ca <unknown>\n#1 0x556f70f72600 <unknown>\n#2 0x556f70fb113c <unknown>\n#3 0x556f70fb00b2 <unknown>\n#4 0x556f70faaf24 <unknown>\n#5 0x556f70fa62f8 <unknown>\n#6 0x556f70ff0ce8 <unknown>\n#7 0x556f70fe4643 <unknown>\n#8 0x556f70fb4d31 <unknown>\n#9 0x556f70fb579e <unknown>\n#10 0x556f7126925b <unknown>\n#11 0x556f7126d1f2 <unknown>\n#12 0x556f71256615 <unknown>\n#13 0x556f7126dd82 <unknown>\n#14 0x556f7123b25f <unknown>\n#15 0x556f71290e68 <unknown>\n#16 0x556f71291040 <unknown>\n#17 0x556f712a049c <unknown>\n#18 0x7fbae5094ac3 <unknown>","statusTrace":"@pytest.fixture\n    def browser() -> WebDriver:\n        \"\"\"\n        Fixture to initialize and provide a WebDriver instance.\n    \n        Returns:\n            WebDriver: The WebDriver instance for the browser.\n        \"\"\"\n        chrome_options = Options()\n        chrome_options.add_argument(\"--headless=new\")\n        chrome_options.add_argument(\"--window-size=1920,1080\")\n>       driver = webdriver.Chrome(options=chrome_options)\n\nconftest.py:22: \n_ _ _ _ _ _ _ _ _ _ _ _ _ _ _ _ _ _ _ _ _ _ _ _ _ _ _ _ _ _ _ _ _ _ _ _ _ _ _ _ \n/opt/hostedtoolcache/Python/3.12.6/x64/lib/python3.12/site-packages/selenium/webdriver/chrome/webdriver.py:45: in __init__\n    super().__init__(\n/opt/hostedtoolcache/Python/3.12.6/x64/lib/python3.12/site-packages/selenium/webdriver/chromium/webdriver.py:66: in __init__\n    super().__init__(command_executor=executor, options=options)\n/opt/hostedtoolcache/Python/3.12.6/x64/lib/python3.12/site-packages/selenium/webdriver/remote/webdriver.py:212: in __init__\n    self.start_session(capabilities)\n/opt/hostedtoolcache/Python/3.12.6/x64/lib/python3.12/site-packages/selenium/webdriver/remote/webdriver.py:299: in start_session\n    response = self.execute(Command.NEW_SESSION, caps)[\"value\"]\n/opt/hostedtoolcache/Python/3.12.6/x64/lib/python3.12/site-packages/selenium/webdriver/remote/webdriver.py:354: in execute\n    self.error_handler.check_response(response)\n_ _ _ _ _ _ _ _ _ _ _ _ _ _ _ _ _ _ _ _ _ _ _ _ _ _ _ _ _ _ _ _ _ _ _ _ _ _ _ _ \n\nself = <selenium.webdriver.remote.errorhandler.ErrorHandler object at 0x7fbcc83a8920>\nresponse = {'status': 500, 'value': '{\"value\":{\"error\":\"session not created\",\"message\":\"session not created: This version of Chro...\\\\n#16 0x556f71291040 \\\\u003Cunknown>\\\\n#17 0x556f712a049c \\\\u003Cunknown>\\\\n#18 0x7fbae5094ac3 \\\\u003Cunknown>\\\\n\"}}'}\n\n    def check_response(self, response: Dict[str, Any]) -> None:\n        \"\"\"Checks that a JSON response from the WebDriver does not have an\n        error.\n    \n        :Args:\n         - response - The JSON response from the WebDriver server as a dictionary\n           object.\n    \n        :Raises: If the response contains an error message.\n        \"\"\"\n        status = response.get(\"status\", None)\n        if not status or status == ErrorCode.SUCCESS:\n            return\n        value = None\n        message = response.get(\"message\", \"\")\n        screen: str = response.get(\"screen\", \"\")\n        stacktrace = None\n        if isinstance(status, int):\n            value_json = response.get(\"value\", None)\n            if value_json and isinstance(value_json, str):\n                import json\n    \n                try:\n                    value = json.loads(value_json)\n                    if len(value) == 1:\n                        value = value[\"value\"]\n                    status = value.get(\"error\", None)\n                    if not status:\n                        status = value.get(\"status\", ErrorCode.UNKNOWN_ERROR)\n                        message = value.get(\"value\") or value.get(\"message\")\n                        if not isinstance(message, str):\n                            value = message\n                            message = message.get(\"message\")\n                    else:\n                        message = value.get(\"message\", None)\n                except ValueError:\n                    pass\n    \n        exception_class: Type[WebDriverException]\n        e = ErrorCode()\n        error_codes = [item for item in dir(e) if not item.startswith(\"__\")]\n        for error_code in error_codes:\n            error_info = getattr(ErrorCode, error_code)\n            if isinstance(error_info, list) and status in error_info:\n                exception_class = getattr(ExceptionMapping, error_code, WebDriverException)\n                break\n        else:\n            exception_class = WebDriverException\n    \n        if not value:\n            value = response[\"value\"]\n        if isinstance(value, str):\n            raise exception_class(value)\n        if message == \"\" and \"message\" in value:\n            message = value[\"message\"]\n    \n        screen = None  # type: ignore[assignment]\n        if \"screen\" in value:\n            screen = value[\"screen\"]\n    \n        stacktrace = None\n        st_value = value.get(\"stackTrace\") or value.get(\"stacktrace\")\n        if st_value:\n            if isinstance(st_value, str):\n                stacktrace = st_value.split(\"\\n\")\n            else:\n                stacktrace = []\n                try:\n                    for frame in st_value:\n                        line = frame.get(\"lineNumber\", \"\")\n                        file = frame.get(\"fileName\", \"<anonymous>\")\n                        if line:\n                            file = f\"{file}:{line}\"\n                        meth = frame.get(\"methodName\", \"<anonymous>\")\n                        if \"className\" in frame:\n                            meth = f\"{frame['className']}.{meth}\"\n                        msg = \"    at %s (%s)\"\n                        msg = msg % (meth, file)\n                        stacktrace.append(msg)\n                except TypeError:\n                    pass\n        if exception_class == UnexpectedAlertPresentException:\n            alert_text = None\n            if \"data\" in value:\n                alert_text = value[\"data\"].get(\"text\")\n            elif \"alert\" in value:\n                alert_text = value[\"alert\"].get(\"text\")\n            raise exception_class(message, screen, stacktrace, alert_text)  # type: ignore[call-arg]  # mypy is not smart enough here\n>       raise exception_class(message, screen, stacktrace)\nE       selenium.common.exceptions.SessionNotCreatedException: Message: session not created: This version of ChromeDriver only supports Chrome version 127\nE       Current browser version is 129.0.6668.58 with binary path /usr/bin/google-chrome\nE       Stacktrace:\nE       #0 0x556f712a16ca <unknown>\nE       #1 0x556f70f72600 <unknown>\nE       #2 0x556f70fb113c <unknown>\nE       #3 0x556f70fb00b2 <unknown>\nE       #4 0x556f70faaf24 <unknown>\nE       #5 0x556f70fa62f8 <unknown>\nE       #6 0x556f70ff0ce8 <unknown>\nE       #7 0x556f70fe4643 <unknown>\nE       #8 0x556f70fb4d31 <unknown>\nE       #9 0x556f70fb579e <unknown>\nE       #10 0x556f7126925b <unknown>\nE       #11 0x556f7126d1f2 <unknown>\nE       #12 0x556f71256615 <unknown>\nE       #13 0x556f7126dd82 <unknown>\nE       #14 0x556f7123b25f <unknown>\nE       #15 0x556f71290e68 <unknown>\nE       #16 0x556f71291040 <unknown>\nE       #17 0x556f712a049c <unknown>\nE       #18 0x7fbae5094ac3 <unknown>\n\n/opt/hostedtoolcache/Python/3.12.6/x64/lib/python3.12/site-packages/selenium/webdriver/remote/errorhandler.py:229: SessionNotCreatedException","steps":[],"attachments":[{"uid":"e105b4c6abc80ed3","name":"log","source":"e105b4c6abc80ed3.txt","type":"text/plain","size":24549},{"uid":"325da2e00640b42a","name":"stderr","source":"325da2e00640b42a.txt","type":"text/plain","size":19954}],"parameters":[],"shouldDisplayMessage":true,"stepsCount":0,"attachmentsCount":2,"hasContent":true,"attachmentStep":false},"afterStages":[],"labels":[{"name":"story","value":"Add a new customer with valid data"},{"name":"severity","value":"critical"},{"name":"feature","value":"Add Customer"},{"name":"epic","value":"Customer Management"},{"name":"tag","value":"ui"},{"name":"tag","value":"smoke"},{"name":"parentSuite","value":"tests.ui"},{"name":"suite","value":"test_add_customer"},{"name":"subSuite","value":"TestAddCustomer"},{"name":"host","value":"fv-az979-394"},{"name":"thread","value":"2350-MainThread"},{"name":"framework","value":"pytest"},{"name":"language","value":"cpython3"},{"name":"package","value":"tests.ui.test_add_customer"},{"name":"resultFormat","value":"allure2"}],"parameters":[],"links":[],"hidden":false,"retry":false,"extra":{"severity":"critical","retries":[{"uid":"ee124e7e26343fa4","status":"broken","statusDetails":"selenium.common.exceptions.SessionNotCreatedException: Message: session not created: This version of ChromeDriver only supports Chrome version 127\nCurrent browser version is 129.0.6668.58 with binary path /usr/bin/google-chrome\nStacktrace:\n#0 0x55d0e48976ca <unknown>\n#1 0x55d0e4568600 <unknown>\n#2 0x55d0e45a713c <unknown>\n#3 0x55d0e45a60b2 <unknown>\n#4 0x55d0e45a0f24 <unknown>\n#5 0x55d0e459c2f8 <unknown>\n#6 0x55d0e45e6ce8 <unknown>\n#7 0x55d0e45da643 <unknown>\n#8 0x55d0e45aad31 <unknown>\n#9 0x55d0e45ab79e <unknown>\n#10 0x55d0e485f25b <unknown>\n#11 0x55d0e48631f2 <unknown>\n#12 0x55d0e484c615 <unknown>\n#13 0x55d0e4863d82 <unknown>\n#14 0x55d0e483125f <unknown>\n#15 0x55d0e4886e68 <unknown>\n#16 0x55d0e4887040 <unknown>\n#17 0x55d0e489649c <unknown>\n#18 0x7fda1c494ac3 <unknown>","time":{"start":1727440895907,"stop":1727440895907,"duration":0}},{"uid":"cf681a8b54946ba4","status":"broken","statusDetails":"selenium.common.exceptions.SessionNotCreatedException: Message: session not created: This version of ChromeDriver only supports Chrome version 127\nCurrent browser version is 129.0.6668.58 with binary path /usr/bin/google-chrome\nStacktrace:\n#0 0x55ca6908e6ca <unknown>\n#1 0x55ca68d5f600 <unknown>\n#2 0x55ca68d9e13c <unknown>\n#3 0x55ca68d9d0b2 <unknown>\n#4 0x55ca68d97f24 <unknown>\n#5 0x55ca68d932f8 <unknown>\n#6 0x55ca68dddce8 <unknown>\n#7 0x55ca68dd1643 <unknown>\n#8 0x55ca68da1d31 <unknown>\n#9 0x55ca68da279e <unknown>\n#10 0x55ca6905625b <unknown>\n#11 0x55ca6905a1f2 <unknown>\n#12 0x55ca69043615 <unknown>\n#13 0x55ca6905ad82 <unknown>\n#14 0x55ca6902825f <unknown>\n#15 0x55ca6907de68 <unknown>\n#16 0x55ca6907e040 <unknown>\n#17 0x55ca6908d49c <unknown>\n#18 0x7f006fe94ac3 <unknown>","time":{"start":1727440890338,"stop":1727440890338,"duration":0}},{"uid":"51200bccbf67fe28","status":"broken","statusDetails":"selenium.common.exceptions.SessionNotCreatedException: Message: session not created: This version of ChromeDriver only supports Chrome version 127\nCurrent browser version is 129.0.6668.58 with binary path /usr/bin/google-chrome\nStacktrace:\n#0 0x55b4e484a6ca <unknown>\n#1 0x55b4e451b600 <unknown>\n#2 0x55b4e455a13c <unknown>\n#3 0x55b4e45590b2 <unknown>\n#4 0x55b4e4553f24 <unknown>\n#5 0x55b4e454f2f8 <unknown>\n#6 0x55b4e4599ce8 <unknown>\n#7 0x55b4e458d643 <unknown>\n#8 0x55b4e455dd31 <unknown>\n#9 0x55b4e455e79e <unknown>\n#10 0x55b4e481225b <unknown>\n#11 0x55b4e48161f2 <unknown>\n#12 0x55b4e47ff615 <unknown>\n#13 0x55b4e4816d82 <unknown>\n#14 0x55b4e47e425f <unknown>\n#15 0x55b4e4839e68 <unknown>\n#16 0x55b4e483a040 <unknown>\n#17 0x55b4e484949c <unknown>\n#18 0x7f79e8694ac3 <unknown>","time":{"start":1727440884795,"stop":1727440884795,"duration":0}},{"uid":"b3f112230057a22d","status":"broken","statusDetails":"selenium.common.exceptions.SessionNotCreatedException: Message: session not created: This version of ChromeDriver only supports Chrome version 127\nCurrent browser version is 129.0.6668.58 with binary path /usr/bin/google-chrome\nStacktrace:\n#0 0x5580d5b366ca <unknown>\n#1 0x5580d5807600 <unknown>\n#2 0x5580d584613c <unknown>\n#3 0x5580d58450b2 <unknown>\n#4 0x5580d583ff24 <unknown>\n#5 0x5580d583b2f8 <unknown>\n#6 0x5580d5885ce8 <unknown>\n#7 0x5580d5879643 <unknown>\n#8 0x5580d5849d31 <unknown>\n#9 0x5580d584a79e <unknown>\n#10 0x5580d5afe25b <unknown>\n#11 0x5580d5b021f2 <unknown>\n#12 0x5580d5aeb615 <unknown>\n#13 0x5580d5b02d82 <unknown>\n#14 0x5580d5ad025f <unknown>\n#15 0x5580d5b25e68 <unknown>\n#16 0x5580d5b26040 <unknown>\n#17 0x5580d5b3549c <unknown>\n#18 0x7fb589e94ac3 <unknown>","time":{"start":1727440879125,"stop":1727440879125,"duration":0}},{"uid":"f2453a18b78a4657","status":"broken","statusDetails":"selenium.common.exceptions.SessionNotCreatedException: Message: session not created: This version of ChromeDriver only supports Chrome version 127\nCurrent browser version is 129.0.6668.58 with binary path /usr/bin/google-chrome\nStacktrace:\n#0 0x55a74e59d6ca <unknown>\n#1 0x55a74e26e600 <unknown>\n#2 0x55a74e2ad13c <unknown>\n#3 0x55a74e2ac0b2 <unknown>\n#4 0x55a74e2a6f24 <unknown>\n#5 0x55a74e2a22f8 <unknown>\n#6 0x55a74e2ecce8 <unknown>\n#7 0x55a74e2e0643 <unknown>\n#8 0x55a74e2b0d31 <unknown>\n#9 0x55a74e2b179e <unknown>\n#10 0x55a74e56525b <unknown>\n#11 0x55a74e5691f2 <unknown>\n#12 0x55a74e552615 <unknown>\n#13 0x55a74e569d82 <unknown>\n#14 0x55a74e53725f <unknown>\n#15 0x55a74e58ce68 <unknown>\n#16 0x55a74e58d040 <unknown>\n#17 0x55a74e59c49c <unknown>\n#18 0x7fd58ea94ac3 <unknown>","time":{"start":1727440872879,"stop":1727440872879,"duration":0}}],"categories":[{"name":"Test defects","matchedStatuses":[],"flaky":false}],"history":{"statistic":{"failed":0,"broken":2,"skipped":0,"passed":0,"unknown":0,"total":2},"items":[{"uid":"3301529982c9eb19","reportUrl":"https://ZhikharevAl.github.io/TestNest/29//#testresult/3301529982c9eb19","status":"broken","statusDetails":"selenium.common.exceptions.SessionNotCreatedException: Message: session not created: This version of ChromeDriver only supports Chrome version 127\nCurrent browser version is 129.0.6668.58 with binary path /usr/bin/google-chrome\nStacktrace:\n#0 0x56449045c6ca <unknown>\n#1 0x56449012d600 <unknown>\n#2 0x56449016c13c <unknown>\n#3 0x56449016b0b2 <unknown>\n#4 0x564490165f24 <unknown>\n#5 0x5644901612f8 <unknown>\n#6 0x5644901abce8 <unknown>\n#7 0x56449019f643 <unknown>\n#8 0x56449016fd31 <unknown>\n#9 0x56449017079e <unknown>\n#10 0x56449042425b <unknown>\n#11 0x5644904281f2 <unknown>\n#12 0x564490411615 <unknown>\n#13 0x564490428d82 <unknown>\n#14 0x5644903f625f <unknown>\n#15 0x56449044be68 <unknown>\n#16 0x56449044c040 <unknown>\n#17 0x56449045b49c <unknown>\n#18 0x7feaef494ac3 <unknown>","time":{"start":1727440746200,"stop":1727440746200,"duration":0}}]},"tags":["ui","smoke"]},"source":"68c841c22f3cca94.json","parameterValues":[]}